Flutter crash report.
Please report a bug at https://github.com/flutter/flutter/issues.

## command

flutter run --machine --start-paused -d 00008110-001A586E1146201E --devtools-server-address http://127.0.0.1:9100/ --target /Users/kirillsevcenko/Projet72h/projet72h/lib/main.dart

## exception

SocketException: SocketException: Send failed (OS Error: No route to host, errno = 65), address = 0.0.0.0, port = 5353

```
#0      _NativeSocket.send (dart:io-patch/socket_patch.dart:1275:34)
#1      _RawDatagramSocket.send (dart:io-patch/socket_patch.dart:2590:15)
#2      MDnsClient.lookup (package:multicast_dns/multicast_dns.dart:219:22)
#3      MDnsVmServiceDiscovery._pollingVmService (package:flutter_tools/src/mdns_discovery.dart:236:36)
<asynchronous suspension>
#4      MDnsVmServiceDiscovery.firstMatchingVmService (package:flutter_tools/src/mdns_discovery.dart:189:56)
<asynchronous suspension>
#5      MDnsVmServiceDiscovery.getVMServiceUriForLaunch (package:flutter_tools/src/mdns_discovery.dart:452:50)
<asynchronous suspension>
#6      Future.any.onValue (dart:async/future.dart:614:5)
<asynchronous suspension>
```

## flutter doctor

```
[!] Flutter (Channel stable, 3.27.3, on macOS 15.3.1 24D70 darwin-arm64, locale ru-FR)
    • Flutter version 3.27.3 on channel stable at /Users/kirillsevcenko/Projet72h/flutter
    ! The flutter binary is not on your path. Consider adding /Users/kirillsevcenko/Projet72h/flutter/bin to your path.
    ! The dart binary is not on your path. Consider adding /Users/kirillsevcenko/Projet72h/flutter/bin to your path.
    • Upstream repository https://github.com/flutter/flutter.git
    • Framework revision c519ee916e (6 weeks ago), 2025-01-21 10:32:23 -0800
    • Engine revision e672b006cb
    • Dart version 3.6.1
    • DevTools version 2.40.2
    • If those were intentional, you can disregard the above warnings; however it is recommended to use "git" directly to perform update checks and upgrades.

[✗] Android toolchain - develop for Android devices
    ✗ Unable to locate Android SDK.
      Install Android Studio from: https://developer.android.com/studio/index.html
      On first launch it will assist you in installing the Android SDK components.
      (or visit https://flutter.dev/to/macos-android-setup for detailed instructions).
      If the Android SDK has been installed to a custom location, please use
      `flutter config --android-sdk` to update to that location.


[✓] Xcode - develop for iOS and macOS (Xcode 16.2)
    • Xcode at /Applications/Xcode.app/Contents/Developer
    • Build 16C5032a
    • CocoaPods version 1.16.2

[✓] Chrome - develop for the web
    • Chrome at /Applications/Google Chrome.app/Contents/MacOS/Google Chrome

[!] Android Studio (not installed)
    • Android Studio not found; download from https://developer.android.com/studio/index.html
      (or visit https://flutter.dev/to/macos-android-setup for detailed instructions).

[✓] IntelliJ IDEA Ultimate Edition (version 2024.3.1.1)
    • IntelliJ at /Applications/IntelliJ IDEA.app
    • Flutter plugin can be installed from:
      🔨 https://plugins.jetbrains.com/plugin/9212-flutter
    • Dart plugin can be installed from:
      🔨 https://plugins.jetbrains.com/plugin/6351-dart

[✓] VS Code (version 1.97.2)
    • VS Code at /Applications/Visual Studio Code-2.app/Contents
    • Flutter extension version 3.106.0

[✓] VS Code (version 1.86.1)
    • VS Code at /Users/kirillsevcenko/Downloads/Visual Studio Code.app/Contents
    • Flutter extension version 3.106.0

[✓] Connected device (4 available)
    • Somikyy (mobile)                • 00008110-001A586E1146201E • ios            • iOS 18.3.1 22D72
    • macOS (desktop)                 • macos                     • darwin-arm64   • macOS 15.3.1 24D70 darwin-arm64
    • Mac Designed for iPad (desktop) • mac-designed-for-ipad     • darwin         • macOS 15.3.1 24D70 darwin-arm64
    • Chrome (web)                    • chrome                    • web-javascript • Google Chrome 133.0.6943.98

[✓] Network resources
    • All expected network resources are available.

! Doctor found issues in 3 categories.
```
